<?xml version="1.0" encoding="UTF-8"?>
<testsuite name="mockito.WeatherServiceTest" tests="2" skipped="0" failures="0" errors="0" timestamp="2024-10-17T17:27:32" hostname="DESKTOP-HOME" time="0.605">
  <properties/>
  <testcase name="testGetHourlyForecast()" classname="mockito.WeatherServiceTest" time="0.598"/>
  <testcase name="testGetDailyForecast()" classname="mockito.WeatherServiceTest" time="0.005"/>
  <system-out><![CDATA[]]></system-out>
  <system-err><![CDATA[]]></system-err>
</testsuite>
